# JRE version: OpenJDK Runtime Environment GraalVM CE 22.3.0 (17.0.5+8) (build 17.0.5+8-jvmci-22.3-b08)
# Java VM: OpenJDK 64-Bit Server VM GraalVM CE 22.3.0 (17.0.5+8-jvmci-22.3-b08, mixed mode, sharing, tiered, jvmci, jvmci compiler, compressed oops, compressed class ptrs, parallel gc, linux-amd64)
GC Precious Log:
 CPUs: 8 total, 2 available
 Memory: 3215M
 Large Page Support: Disabled
 NUMA Support: Disabled
 Compressed Oops: Enabled (32-bit)
 Alignments: Space 512K, Generation 512K, Heap 2M
 Heap Min Capacity: 100M
 Heap Initial Capacity: 100M
 Heap Max Capacity: 512M
 Pre-touch: Disabled
 Parallel Workers: 2
Heap:
 PSYoungGen      total 83456K, used 43519K [0x00000000f5580000, 0x00000000fd180000, 0x0000000100000000)
  eden space 43520K, 99% used [0x00000000f5580000,0x00000000f7fffff8,0x00000000f8000000)
  from space 39936K, 0% used [0x00000000fa900000,0x00000000fa900000,0x00000000fd000000)
  to   space 40960K, 0% used [0x00000000f8000000,0x00000000f8000000,0x00000000fa800000)
 ParOldGen       total 349696K, used 349693K [0x00000000e0000000, 0x00000000f5580000, 0x00000000f5580000)
  object space 349696K, 99% used [0x00000000e0000000,0x00000000f557f6d0,0x00000000f5580000)
 Metaspace       used 57672K, committed 58624K, reserved 1105920K
  class space    used 5553K, committed 5952K, reserved 1048576K
GC Heap History (20 events):
Event: 958.776 GC heap before
{Heap before GC invocations=1759 (full 1690):
 PSYoungGen      total 83456K, used 43520K [0x00000000f5580000, 0x00000000fd180000, 0x0000000100000000)
  eden space 43520K, 100% used [0x00000000f5580000,0x00000000f8000000,0x00000000f8000000)
  from space 39936K, 0% used [0x00000000fa900000,0x00000000fa900000,0x00000000fd000000)
  to   space 40960K, 0% used [0x00000000f8000000,0x00000000f8000000,0x00000000fa800000)
 ParOldGen       total 349696K, used 349689K [0x00000000e0000000, 0x00000000f5580000, 0x00000000f5580000)
  object space 349696K, 99% used [0x00000000e0000000,0x00000000f557e750,0x00000000f5580000)
 Metaspace       used 57672K, committed 58624K, reserved 1105920K
  class space    used 5553K, committed 5952K, reserved 1048576K
}
Event: 959.308 GC heap after
{Heap after GC invocations=1759 (full 1690):
 PSYoungGen      total 84480K, used 43519K [0x00000000f5580000, 0x00000000fd180000, 0x0000000100000000)
  eden space 43520K, 99% used [0x00000000f5580000,0x00000000f7ffffa0,0x00000000f8000000)
  from space 40960K, 0% used [0x00000000f8000000,0x00000000f8000000,0x00000000fa800000)
  to   space 39936K, 0% used [0x00000000fa900000,0x00000000fa900000,0x00000000fd000000)
 ParOldGen       total 349696K, used 349689K [0x00000000e0000000, 0x00000000f5580000, 0x00000000f5580000)
  object space 349696K, 99% used [0x00000000e0000000,0x00000000f557e750,0x00000000f5580000)
 Metaspace       used 57672K, committed 58624K, reserved 1105920K
  class space    used 5553K, committed 5952K, reserved 1048576K
}
Event: 959.308 GC heap before
{Heap before GC invocations=1760 (full 1691):
 PSYoungGen      total 84480K, used 43520K [0x00000000f5580000, 0x00000000fd180000, 0x0000000100000000)
  eden space 43520K, 100% used [0x00000000f5580000,0x00000000f8000000,0x00000000f8000000)
  from space 40960K, 0% used [0x00000000f8000000,0x00000000f8000000,0x00000000fa800000)
  to   space 39936K, 0% used [0x00000000fa900000,0x00000000fa900000,0x00000000fd000000)
 ParOldGen       total 349696K, used 349689K [0x00000000e0000000, 0x00000000f5580000, 0x00000000f5580000)
  object space 349696K, 99% used [0x00000000e0000000,0x00000000f557e750,0x00000000f5580000)
 Metaspace       used 57672K, committed 58624K, reserved 1105920K
  class space    used 5553K, committed 5952K, reserved 1048576K
}
Event: 959.794 GC heap after
{Heap after GC invocations=1760 (full 1691):
 PSYoungGen      total 83456K, used 43519K [0x00000000f5580000, 0x00000000fd180000, 0x0000000100000000)
  eden space 43520K, 99% used [0x00000000f5580000,0x00000000f7ffffa0,0x00000000f8000000)
  from space 39936K, 0% used [0x00000000fa900000,0x00000000fa900000,0x00000000fd000000)
  to   space 40960K, 0% used [0x00000000f8000000,0x00000000f8000000,0x00000000fa800000)
 ParOldGen       total 349696K, used 349689K [0x00000000e0000000, 0x00000000f5580000, 0x00000000f5580000)
  object space 349696K, 99% used [0x00000000e0000000,0x00000000f557e750,0x00000000f5580000)
 Metaspace       used 57672K, committed 58624K, reserved 1105920K
  class space    used 5553K, committed 5952K, reserved 1048576K
}
Event: 959.794 GC heap before
{Heap before GC invocations=1761 (full 1692):
 PSYoungGen      total 83456K, used 43520K [0x00000000f5580000, 0x00000000fd180000, 0x0000000100000000)
  eden space 43520K, 100% used [0x00000000f5580000,0x00000000f8000000,0x00000000f8000000)
  from space 39936K, 0% used [0x00000000fa900000,0x00000000fa900000,0x00000000fd000000)
  to   space 40960K, 0% used [0x00000000f8000000,0x00000000f8000000,0x00000000fa800000)
 ParOldGen       total 349696K, used 349689K [0x00000000e0000000, 0x00000000f5580000, 0x00000000f5580000)
  object space 349696K, 99% used [0x00000000e0000000,0x00000000f557e750,0x00000000f5580000)
 Metaspace       used 57672K, committed 58624K, reserved 1105920K
  class space    used 5553K, committed 5952K, reserved 1048576K
}
Event: 960.221 GC heap after
{Heap after GC invocations=1761 (full 1692):
 PSYoungGen      total 84480K, used 43519K [0x00000000f5580000, 0x00000000fd180000, 0x0000000100000000)
  eden space 43520K, 99% used [0x00000000f5580000,0x00000000f7ffffa0,0x00000000f8000000)
  from space 40960K, 0% used [0x00000000f8000000,0x00000000f8000000,0x00000000fa800000)
  to   space 39936K, 0% used [0x00000000fa900000,0x00000000fa900000,0x00000000fd000000)
 ParOldGen       total 349696K, used 349689K [0x00000000e0000000, 0x00000000f5580000, 0x00000000f5580000)
  object space 349696K, 99% used [0x00000000e0000000,0x00000000f557e750,0x00000000f5580000)
 Metaspace       used 57672K, committed 58624K, reserved 1105920K
  class space    used 5553K, committed 5952K, reserved 1048576K
}
Event: 960.221 GC heap before
{Heap before GC invocations=1762 (full 1693):
 PSYoungGen      total 84480K, used 43520K [0x00000000f5580000, 0x00000000fd180000, 0x0000000100000000)
  eden space 43520K, 100% used [0x00000000f5580000,0x00000000f8000000,0x00000000f8000000)
  from space 40960K, 0% used [0x00000000f8000000,0x00000000f8000000,0x00000000fa800000)
  to   space 39936K, 0% used [0x00000000fa900000,0x00000000fa900000,0x00000000fd000000)
 ParOldGen       total 349696K, used 349689K [0x00000000e0000000, 0x00000000f5580000, 0x00000000f5580000)
  object space 349696K, 99% used [0x00000000e0000000,0x00000000f557e750,0x00000000f5580000)
 Metaspace       used 57672K, committed 58624K, reserved 1105920K
  class space    used 5553K, committed 5952K, reserved 1048576K
}
Event: 960.701 GC heap after
{Heap after GC invocations=1762 (full 1693):
 PSYoungGen      total 83456K, used 43519K [0x00000000f5580000, 0x00000000fd180000, 0x0000000100000000)
  eden space 43520K, 99% used [0x00000000f5580000,0x00000000f7ffffc0,0x00000000f8000000)
  from space 39936K, 0% used [0x00000000fa900000,0x00000000fa900000,0x00000000fd000000)
  to   space 40960K, 0% used [0x00000000f8000000,0x00000000f8000000,0x00000000fa800000)
 ParOldGen       total 349696K, used 349689K [0x00000000e0000000, 0x00000000f5580000, 0x00000000f5580000)
  object space 349696K, 99% used [0x00000000e0000000,0x00000000f557e750,0x00000000f5580000)
 Metaspace       used 57672K, committed 58624K, reserved 1105920K
  class space    used 5553K, committed 5952K, reserved 1048576K
}
Event: 960.702 GC heap before
{Heap before GC invocations=1763 (full 1694):
 PSYoungGen      total 83456K, used 43520K [0x00000000f5580000, 0x00000000fd180000, 0x0000000100000000)
  eden space 43520K, 100% used [0x00000000f5580000,0x00000000f8000000,0x00000000f8000000)
  from space 39936K, 0% used [0x00000000fa900000,0x00000000fa900000,0x00000000fd000000)
  to   space 40960K, 0% used [0x00000000f8000000,0x00000000f8000000,0x00000000fa800000)
 ParOldGen       total 349696K, used 349689K [0x00000000e0000000, 0x00000000f5580000, 0x00000000f5580000)
  object space 349696K, 99% used [0x00000000e0000000,0x00000000f557e750,0x00000000f5580000)
 Metaspace       used 57672K, committed 58624K, reserved 1105920K
  class space    used 5553K, committed 5952K, reserved 1048576K
}
Event: 961.089 GC heap after
{Heap after GC invocations=1763 (full 1694):
 PSYoungGen      total 84480K, used 43519K [0x00000000f5580000, 0x00000000fd180000, 0x0000000100000000)
  eden space 43520K, 99% used [0x00000000f5580000,0x00000000f7ffffc0,0x00000000f8000000)
  from space 40960K, 0% used [0x00000000f8000000,0x00000000f8000000,0x00000000fa800000)
  to   space 39936K, 0% used [0x00000000fa900000,0x00000000fa900000,0x00000000fd000000)
 ParOldGen       total 349696K, used 349689K [0x00000000e0000000, 0x00000000f5580000, 0x00000000f5580000)
  object space 349696K, 99% used [0x00000000e0000000,0x00000000f557e750,0x00000000f5580000)
 Metaspace       used 57672K, committed 58624K, reserved 1105920K
  class space    used 5553K, committed 5952K, reserved 1048576K
}
Event: 961.089 GC heap before
{Heap before GC invocations=1764 (full 1695):
 PSYoungGen      total 84480K, used 43520K [0x00000000f5580000, 0x00000000fd180000, 0x0000000100000000)
  eden space 43520K, 100% used [0x00000000f5580000,0x00000000f8000000,0x00000000f8000000)
  from space 40960K, 0% used [0x00000000f8000000,0x00000000f8000000,0x00000000fa800000)
  to   space 39936K, 0% used [0x00000000fa900000,0x00000000fa900000,0x00000000fd000000)
 ParOldGen       total 349696K, used 349689K [0x00000000e0000000, 0x00000000f5580000, 0x00000000f5580000)
  object space 349696K, 99% used [0x00000000e0000000,0x00000000f557e750,0x00000000f5580000)
 Metaspace       used 57672K, committed 58624K, reserved 1105920K
  class space    used 5553K, committed 5952K, reserved 1048576K
}
Event: 961.518 GC heap after
{Heap after GC invocations=1764 (full 1695):
 PSYoungGen      total 83456K, used 43519K [0x00000000f5580000, 0x00000000fd180000, 0x0000000100000000)
  eden space 43520K, 99% used [0x00000000f5580000,0x00000000f7ffffc0,0x00000000f8000000)
  from space 39936K, 0% used [0x00000000fa900000,0x00000000fa900000,0x00000000fd000000)
  to   space 40960K, 0% used [0x00000000f8000000,0x00000000f8000000,0x00000000fa800000)
 ParOldGen       total 349696K, used 349689K [0x00000000e0000000, 0x00000000f5580000, 0x00000000f5580000)
  object space 349696K, 99% used [0x00000000e0000000,0x00000000f557e750,0x00000000f5580000)
 Metaspace       used 57672K, committed 58624K, reserved 1105920K
  class space    used 5553K, committed 5952K, reserved 1048576K
}
Event: 961.518 GC heap before
{Heap before GC invocations=1765 (full 1696):
 PSYoungGen      total 83456K, used 43520K [0x00000000f5580000, 0x00000000fd180000, 0x0000000100000000)
  eden space 43520K, 100% used [0x00000000f5580000,0x00000000f8000000,0x00000000f8000000)
  from space 39936K, 0% used [0x00000000fa900000,0x00000000fa900000,0x00000000fd000000)
  to   space 40960K, 0% used [0x00000000f8000000,0x00000000f8000000,0x00000000fa800000)
 ParOldGen       total 349696K, used 349689K [0x00000000e0000000, 0x00000000f5580000, 0x00000000f5580000)
  object space 349696K, 99% used [0x00000000e0000000,0x00000000f557e750,0x00000000f5580000)
 Metaspace       used 57672K, committed 58624K, reserved 1105920K
  class space    used 5553K, committed 5952K, reserved 1048576K
}
Event: 962.063 GC heap after
{Heap after GC invocations=1765 (full 1696):
 PSYoungGen      total 84480K, used 43519K [0x00000000f5580000, 0x00000000fd180000, 0x0000000100000000)
  eden space 43520K, 99% used [0x00000000f5580000,0x00000000f7ffffc0,0x00000000f8000000)
  from space 40960K, 0% used [0x00000000f8000000,0x00000000f8000000,0x00000000fa800000)
  to   space 39936K, 0% used [0x00000000fa900000,0x00000000fa900000,0x00000000fd000000)
 ParOldGen       total 349696K, used 349689K [0x00000000e0000000, 0x00000000f5580000, 0x00000000f5580000)
  object space 349696K, 99% used [0x00000000e0000000,0x00000000f557e750,0x00000000f5580000)
 Metaspace       used 57672K, committed 58624K, reserved 1105920K
  class space    used 5553K, committed 5952K, reserved 1048576K
}
Event: 962.064 GC heap before
{Heap before GC invocations=1766 (full 1697):
 PSYoungGen      total 84480K, used 43519K [0x00000000f5580000, 0x00000000fd180000, 0x0000000100000000)
  eden space 43520K, 99% used [0x00000000f5580000,0x00000000f7fffff8,0x00000000f8000000)
  from space 40960K, 0% used [0x00000000f8000000,0x00000000f8000000,0x00000000fa800000)
  to   space 39936K, 0% used [0x00000000fa900000,0x00000000fa900000,0x00000000fd000000)
 ParOldGen       total 349696K, used 349689K [0x00000000e0000000, 0x00000000f5580000, 0x00000000f5580000)
  object space 349696K, 99% used [0x00000000e0000000,0x00000000f557e750,0x00000000f5580000)
 Metaspace       used 57672K, committed 58624K, reserved 1105920K
  class space    used 5553K, committed 5952K, reserved 1048576K
}
Event: 962.756 GC heap after
{Heap after GC invocations=1766 (full 1697):
 PSYoungGen      total 83456K, used 43519K [0x00000000f5580000, 0x00000000fd180000, 0x0000000100000000)
  eden space 43520K, 99% used [0x00000000f5580000,0x00000000f7ffffb8,0x00000000f8000000)
  from space 39936K, 0% used [0x00000000fa900000,0x00000000fa900000,0x00000000fd000000)
  to   space 40960K, 0% used [0x00000000f8000000,0x00000000f8000000,0x00000000fa800000)
 ParOldGen       total 349696K, used 349689K [0x00000000e0000000, 0x00000000f5580000, 0x00000000f5580000)
  object space 349696K, 99% used [0x00000000e0000000,0x00000000f557e750,0x00000000f5580000)
 Metaspace       used 57672K, committed 58624K, reserved 1105920K
  class space    used 5553K, committed 5952K, reserved 1048576K
}
Event: 962.759 GC heap before
{Heap before GC invocations=1767 (full 1698):
 PSYoungGen      total 83456K, used 43520K [0x00000000f5580000, 0x00000000fd180000, 0x0000000100000000)
  eden space 43520K, 100% used [0x00000000f5580000,0x00000000f8000000,0x00000000f8000000)
  from space 39936K, 0% used [0x00000000fa900000,0x00000000fa900000,0x00000000fd000000)
  to   space 40960K, 0% used [0x00000000f8000000,0x00000000f8000000,0x00000000fa800000)
 ParOldGen       total 349696K, used 349694K [0x00000000e0000000, 0x00000000f5580000, 0x00000000f5580000)
  object space 349696K, 99% used [0x00000000e0000000,0x00000000f557fb58,0x00000000f5580000)
 Metaspace       used 57672K, committed 58624K, reserved 1105920K
  class space    used 5553K, committed 5952K, reserved 1048576K
}
Event: 963.460 GC heap after
{Heap after GC invocations=1767 (full 1698):
 PSYoungGen      total 84480K, used 43519K [0x00000000f5580000, 0x00000000fd180000, 0x0000000100000000)
  eden space 43520K, 99% used [0x00000000f5580000,0x00000000f7ffffb0,0x00000000f8000000)
  from space 40960K, 0% used [0x00000000f8000000,0x00000000f8000000,0x00000000fa800000)
  to   space 39936K, 0% used [0x00000000fa900000,0x00000000fa900000,0x00000000fd000000)
 ParOldGen       total 349696K, used 349693K [0x00000000e0000000, 0x00000000f5580000, 0x00000000f5580000)
  object space 349696K, 99% used [0x00000000e0000000,0x00000000f557f688,0x00000000f5580000)
 Metaspace       used 57672K, committed 58624K, reserved 1105920K
  class space    used 5553K, committed 5952K, reserved 1048576K
}
Event: 963.460 GC heap before
{Heap before GC invocations=1768 (full 1699):
 PSYoungGen      total 84480K, used 43519K [0x00000000f5580000, 0x00000000fd180000, 0x0000000100000000)
  eden space 43520K, 99% used [0x00000000f5580000,0x00000000f7ffffb0,0x00000000f8000000)
  from space 40960K, 0% used [0x00000000f8000000,0x00000000f8000000,0x00000000fa800000)
  to   space 39936K, 0% used [0x00000000fa900000,0x00000000fa900000,0x00000000fd000000)
 ParOldGen       total 349696K, used 349693K [0x00000000e0000000, 0x00000000f5580000, 0x00000000f5580000)
  object space 349696K, 99% used [0x00000000e0000000,0x00000000f557f688,0x00000000f5580000)
 Metaspace       used 57672K, committed 58624K, reserved 1105920K
  class space    used 5553K, committed 5952K, reserved 1048576K
}
Event: 963.921 GC heap after
{Heap after GC invocations=1768 (full 1699):
 PSYoungGen      total 83456K, used 43519K [0x00000000f5580000, 0x00000000fd180000, 0x0000000100000000)
  eden space 43520K, 99% used [0x00000000f5580000,0x00000000f7ffffb0,0x00000000f8000000)
  from space 39936K, 0% used [0x00000000fa900000,0x00000000fa900000,0x00000000fd000000)
  to   space 40960K, 0% used [0x00000000f8000000,0x00000000f8000000,0x00000000fa800000)
 ParOldGen       total 349696K, used 349693K [0x00000000e0000000, 0x00000000f5580000, 0x00000000f5580000)
  object space 349696K, 99% used [0x00000000e0000000,0x00000000f557f688,0x00000000f5580000)
 Metaspace       used 57672K, committed 58624K, reserved 1105920K
  class space    used 5553K, committed 5952K, reserved 1048576K
}

