# JRE version: OpenJDK Runtime Environment GraalVM CE 22.3.0 (17.0.5+8) (build 17.0.5+8-jvmci-22.3-b08)
# Java VM: OpenJDK 64-Bit Server VM GraalVM CE 22.3.0 (17.0.5+8-jvmci-22.3-b08, mixed mode, sharing, tiered, jvmci, jvmci compiler, compressed oops, compressed class ptrs, parallel gc, linux-amd64)
GC Precious Log:
 CPUs: 8 total, 2 available
 Memory: 3215M
 Large Page Support: Disabled
 NUMA Support: Disabled
 Compressed Oops: Enabled (32-bit)
 Alignments: Space 512K, Generation 512K, Heap 2M
 Heap Min Capacity: 100M
 Heap Initial Capacity: 100M
 Heap Max Capacity: 512M
 Pre-touch: Disabled
 Parallel Workers: 2
Heap:
 PSYoungGen      total 88576K, used 49664K [0x00000000f5580000, 0x00000000fd400000, 0x0000000100000000)
  eden space 49664K, 100% used [0x00000000f5580000,0x00000000f8600000,0x00000000f8600000)
  from space 38912K, 0% used [0x00000000f8600000,0x00000000f8600000,0x00000000fac00000)
  to   space 35840K, 0% used [0x00000000fb100000,0x00000000fb100000,0x00000000fd400000)
 ParOldGen       total 349696K, used 349695K [0x00000000e0000000, 0x00000000f5580000, 0x00000000f5580000)
  object space 349696K, 99% used [0x00000000e0000000,0x00000000f557fff8,0x00000000f5580000)
 Metaspace       used 56199K, committed 57344K, reserved 1105920K
  class space    used 5454K, committed 5888K, reserved 1048576K
GC Heap History (20 events):
Event: 98.796 GC heap before
{Heap before GC invocations=207 (full 140):
 PSYoungGen      total 88576K, used 49663K [0x00000000f5580000, 0x00000000fd400000, 0x0000000100000000)
  eden space 49664K, 99% used [0x00000000f5580000,0x00000000f85fffb8,0x00000000f8600000)
  from space 38912K, 0% used [0x00000000f8600000,0x00000000f8600000,0x00000000fac00000)
  to   space 35840K, 0% used [0x00000000fb100000,0x00000000fb100000,0x00000000fd400000)
 ParOldGen       total 349696K, used 349695K [0x00000000e0000000, 0x00000000f5580000, 0x00000000f5580000)
  object space 349696K, 99% used [0x00000000e0000000,0x00000000f557fec0,0x00000000f5580000)
 Metaspace       used 56199K, committed 57344K, reserved 1105920K
  class space    used 5454K, committed 5888K, reserved 1048576K
}
Event: 99.239 GC heap after
{Heap after GC invocations=207 (full 140):
 PSYoungGen      total 85504K, used 49663K [0x00000000f5580000, 0x00000000fd400000, 0x0000000100000000)
  eden space 49664K, 99% used [0x00000000f5580000,0x00000000f85fffb8,0x00000000f8600000)
  from space 35840K, 0% used [0x00000000fb100000,0x00000000fb100000,0x00000000fd400000)
  to   space 38912K, 0% used [0x00000000f8600000,0x00000000f8600000,0x00000000fac00000)
 ParOldGen       total 349696K, used 349695K [0x00000000e0000000, 0x00000000f5580000, 0x00000000f5580000)
  object space 349696K, 99% used [0x00000000e0000000,0x00000000f557fec0,0x00000000f5580000)
 Metaspace       used 56199K, committed 57344K, reserved 1105920K
  class space    used 5454K, committed 5888K, reserved 1048576K
}
Event: 99.239 GC heap before
{Heap before GC invocations=208 (full 141):
 PSYoungGen      total 85504K, used 49663K [0x00000000f5580000, 0x00000000fd400000, 0x0000000100000000)
  eden space 49664K, 99% used [0x00000000f5580000,0x00000000f85fffb8,0x00000000f8600000)
  from space 35840K, 0% used [0x00000000fb100000,0x00000000fb100000,0x00000000fd400000)
  to   space 38912K, 0% used [0x00000000f8600000,0x00000000f8600000,0x00000000fac00000)
 ParOldGen       total 349696K, used 349695K [0x00000000e0000000, 0x00000000f5580000, 0x00000000f5580000)
  object space 349696K, 99% used [0x00000000e0000000,0x00000000f557fec0,0x00000000f5580000)
 Metaspace       used 56199K, committed 57344K, reserved 1105920K
  class space    used 5454K, committed 5888K, reserved 1048576K
}
Event: 99.718 GC heap after
{Heap after GC invocations=208 (full 141):
 PSYoungGen      total 88576K, used 49663K [0x00000000f5580000, 0x00000000fd400000, 0x0000000100000000)
  eden space 49664K, 99% used [0x00000000f5580000,0x00000000f85fffb8,0x00000000f8600000)
  from space 38912K, 0% used [0x00000000f8600000,0x00000000f8600000,0x00000000fac00000)
  to   space 35840K, 0% used [0x00000000fb100000,0x00000000fb100000,0x00000000fd400000)
 ParOldGen       total 349696K, used 349695K [0x00000000e0000000, 0x00000000f5580000, 0x00000000f5580000)
  object space 349696K, 99% used [0x00000000e0000000,0x00000000f557fec0,0x00000000f5580000)
 Metaspace       used 56199K, committed 57344K, reserved 1105920K
  class space    used 5454K, committed 5888K, reserved 1048576K
}
Event: 99.719 GC heap before
{Heap before GC invocations=209 (full 142):
 PSYoungGen      total 88576K, used 49664K [0x00000000f5580000, 0x00000000fd400000, 0x0000000100000000)
  eden space 49664K, 100% used [0x00000000f5580000,0x00000000f8600000,0x00000000f8600000)
  from space 38912K, 0% used [0x00000000f8600000,0x00000000f8600000,0x00000000fac00000)
  to   space 35840K, 0% used [0x00000000fb100000,0x00000000fb100000,0x00000000fd400000)
 ParOldGen       total 349696K, used 349696K [0x00000000e0000000, 0x00000000f5580000, 0x00000000f5580000)
  object space 349696K, 100% used [0x00000000e0000000,0x00000000f5580000,0x00000000f5580000)
 Metaspace       used 56199K, committed 57344K, reserved 1105920K
  class space    used 5454K, committed 5888K, reserved 1048576K
}
Event: 100.220 GC heap after
{Heap after GC invocations=209 (full 142):
 PSYoungGen      total 85504K, used 49663K [0x00000000f5580000, 0x00000000fd400000, 0x0000000100000000)
  eden space 49664K, 99% used [0x00000000f5580000,0x00000000f85ffed8,0x00000000f8600000)
  from space 35840K, 0% used [0x00000000fb100000,0x00000000fb100000,0x00000000fd400000)
  to   space 38912K, 0% used [0x00000000f8600000,0x00000000f8600000,0x00000000fac00000)
 ParOldGen       total 349696K, used 349694K [0x00000000e0000000, 0x00000000f5580000, 0x00000000f5580000)
  object space 349696K, 99% used [0x00000000e0000000,0x00000000f557f9e8,0x00000000f5580000)
 Metaspace       used 56199K, committed 57344K, reserved 1105920K
  class space    used 5454K, committed 5888K, reserved 1048576K
}
Event: 100.222 GC heap before
{Heap before GC invocations=210 (full 143):
 PSYoungGen      total 85504K, used 49664K [0x00000000f5580000, 0x00000000fd400000, 0x0000000100000000)
  eden space 49664K, 100% used [0x00000000f5580000,0x00000000f8600000,0x00000000f8600000)
  from space 35840K, 0% used [0x00000000fb100000,0x00000000fb100000,0x00000000fd400000)
  to   space 38912K, 0% used [0x00000000f8600000,0x00000000f8600000,0x00000000fac00000)
 ParOldGen       total 349696K, used 349694K [0x00000000e0000000, 0x00000000f5580000, 0x00000000f5580000)
  object space 349696K, 99% used [0x00000000e0000000,0x00000000f557f9e8,0x00000000f5580000)
 Metaspace       used 56199K, committed 57344K, reserved 1105920K
  class space    used 5454K, committed 5888K, reserved 1048576K
}
Event: 100.779 GC heap after
{Heap after GC invocations=210 (full 143):
 PSYoungGen      total 88576K, used 49663K [0x00000000f5580000, 0x00000000fd400000, 0x0000000100000000)
  eden space 49664K, 99% used [0x00000000f5580000,0x00000000f85fff38,0x00000000f8600000)
  from space 38912K, 0% used [0x00000000f8600000,0x00000000f8600000,0x00000000fac00000)
  to   space 35840K, 0% used [0x00000000fb100000,0x00000000fb100000,0x00000000fd400000)
 ParOldGen       total 349696K, used 349694K [0x00000000e0000000, 0x00000000f5580000, 0x00000000f5580000)
  object space 349696K, 99% used [0x00000000e0000000,0x00000000f557f928,0x00000000f5580000)
 Metaspace       used 56199K, committed 57344K, reserved 1105920K
  class space    used 5454K, committed 5888K, reserved 1048576K
}
Event: 100.780 GC heap before
{Heap before GC invocations=211 (full 144):
 PSYoungGen      total 88576K, used 49664K [0x00000000f5580000, 0x00000000fd400000, 0x0000000100000000)
  eden space 49664K, 100% used [0x00000000f5580000,0x00000000f8600000,0x00000000f8600000)
  from space 38912K, 0% used [0x00000000f8600000,0x00000000f8600000,0x00000000fac00000)
  to   space 35840K, 0% used [0x00000000fb100000,0x00000000fb100000,0x00000000fd400000)
 ParOldGen       total 349696K, used 349694K [0x00000000e0000000, 0x00000000f5580000, 0x00000000f5580000)
  object space 349696K, 99% used [0x00000000e0000000,0x00000000f557f928,0x00000000f5580000)
 Metaspace       used 56199K, committed 57344K, reserved 1105920K
  class space    used 5454K, committed 5888K, reserved 1048576K
}
Event: 101.254 GC heap after
{Heap after GC invocations=211 (full 144):
 PSYoungGen      total 85504K, used 49663K [0x00000000f5580000, 0x00000000fd400000, 0x0000000100000000)
  eden space 49664K, 99% used [0x00000000f5580000,0x00000000f85fff58,0x00000000f8600000)
  from space 35840K, 0% used [0x00000000fb100000,0x00000000fb100000,0x00000000fd400000)
  to   space 38912K, 0% used [0x00000000f8600000,0x00000000f8600000,0x00000000fac00000)
 ParOldGen       total 349696K, used 349693K [0x00000000e0000000, 0x00000000f5580000, 0x00000000f5580000)
  object space 349696K, 99% used [0x00000000e0000000,0x00000000f557f768,0x00000000f5580000)
 Metaspace       used 56199K, committed 57344K, reserved 1105920K
  class space    used 5454K, committed 5888K, reserved 1048576K
}
Event: 101.254 GC heap before
{Heap before GC invocations=212 (full 145):
 PSYoungGen      total 85504K, used 49663K [0x00000000f5580000, 0x00000000fd400000, 0x0000000100000000)
  eden space 49664K, 99% used [0x00000000f5580000,0x00000000f85fffc8,0x00000000f8600000)
  from space 35840K, 0% used [0x00000000fb100000,0x00000000fb100000,0x00000000fd400000)
  to   space 38912K, 0% used [0x00000000f8600000,0x00000000f8600000,0x00000000fac00000)
 ParOldGen       total 349696K, used 349693K [0x00000000e0000000, 0x00000000f5580000, 0x00000000f5580000)
  object space 349696K, 99% used [0x00000000e0000000,0x00000000f557f768,0x00000000f5580000)
 Metaspace       used 56199K, committed 57344K, reserved 1105920K
  class space    used 5454K, committed 5888K, reserved 1048576K
}
Event: 101.703 GC heap after
{Heap after GC invocations=212 (full 145):
 PSYoungGen      total 88576K, used 49663K [0x00000000f5580000, 0x00000000fd400000, 0x0000000100000000)
  eden space 49664K, 99% used [0x00000000f5580000,0x00000000f85fffa8,0x00000000f8600000)
  from space 38912K, 0% used [0x00000000f8600000,0x00000000f8600000,0x00000000fac00000)
  to   space 35840K, 0% used [0x00000000fb100000,0x00000000fb100000,0x00000000fd400000)
 ParOldGen       total 349696K, used 349693K [0x00000000e0000000, 0x00000000f5580000, 0x00000000f5580000)
  object space 349696K, 99% used [0x00000000e0000000,0x00000000f557f768,0x00000000f5580000)
 Metaspace       used 56199K, committed 57344K, reserved 1105920K
  class space    used 5454K, committed 5888K, reserved 1048576K
}
Event: 101.704 GC heap before
{Heap before GC invocations=213 (full 146):
 PSYoungGen      total 88576K, used 49663K [0x00000000f5580000, 0x00000000fd400000, 0x0000000100000000)
  eden space 49664K, 99% used [0x00000000f5580000,0x00000000f85ffff8,0x00000000f8600000)
  from space 38912K, 0% used [0x00000000f8600000,0x00000000f8600000,0x00000000fac00000)
  to   space 35840K, 0% used [0x00000000fb100000,0x00000000fb100000,0x00000000fd400000)
 ParOldGen       total 349696K, used 349695K [0x00000000e0000000, 0x00000000f5580000, 0x00000000f5580000)
  object space 349696K, 99% used [0x00000000e0000000,0x00000000f557fff8,0x00000000f5580000)
 Metaspace       used 56199K, committed 57344K, reserved 1105920K
  class space    used 5454K, committed 5888K, reserved 1048576K
}
Event: 102.187 GC heap after
{Heap after GC invocations=213 (full 146):
 PSYoungGen      total 85504K, used 49663K [0x00000000f5580000, 0x00000000fd400000, 0x0000000100000000)
  eden space 49664K, 99% used [0x00000000f5580000,0x00000000f85ffde8,0x00000000f8600000)
  from space 35840K, 0% used [0x00000000fb100000,0x00000000fb100000,0x00000000fd400000)
  to   space 38912K, 0% used [0x00000000f8600000,0x00000000f8600000,0x00000000fac00000)
 ParOldGen       total 349696K, used 349695K [0x00000000e0000000, 0x00000000f5580000, 0x00000000f5580000)
  object space 349696K, 99% used [0x00000000e0000000,0x00000000f557fca0,0x00000000f5580000)
 Metaspace       used 56199K, committed 57344K, reserved 1105920K
  class space    used 5454K, committed 5888K, reserved 1048576K
}
Event: 102.188 GC heap before
{Heap before GC invocations=214 (full 147):
 PSYoungGen      total 85504K, used 49664K [0x00000000f5580000, 0x00000000fd400000, 0x0000000100000000)
  eden space 49664K, 100% used [0x00000000f5580000,0x00000000f8600000,0x00000000f8600000)
  from space 35840K, 0% used [0x00000000fb100000,0x00000000fb100000,0x00000000fd400000)
  to   space 38912K, 0% used [0x00000000f8600000,0x00000000f8600000,0x00000000fac00000)
 ParOldGen       total 349696K, used 349695K [0x00000000e0000000, 0x00000000f5580000, 0x00000000f5580000)
  object space 349696K, 99% used [0x00000000e0000000,0x00000000f557fca0,0x00000000f5580000)
 Metaspace       used 56199K, committed 57344K, reserved 1105920K
  class space    used 5454K, committed 5888K, reserved 1048576K
}
Event: 102.661 GC heap after
{Heap after GC invocations=214 (full 147):
 PSYoungGen      total 88576K, used 49663K [0x00000000f5580000, 0x00000000fd400000, 0x0000000100000000)
  eden space 49664K, 99% used [0x00000000f5580000,0x00000000f85ffde0,0x00000000f8600000)
  from space 38912K, 0% used [0x00000000f8600000,0x00000000f8600000,0x00000000fac00000)
  to   space 35840K, 0% used [0x00000000fb100000,0x00000000fb100000,0x00000000fd400000)
 ParOldGen       total 349696K, used 349695K [0x00000000e0000000, 0x00000000f5580000, 0x00000000f5580000)
  object space 349696K, 99% used [0x00000000e0000000,0x00000000f557fca0,0x00000000f5580000)
 Metaspace       used 56199K, committed 57344K, reserved 1105920K
  class space    used 5454K, committed 5888K, reserved 1048576K
}
Event: 102.662 GC heap before
{Heap before GC invocations=215 (full 148):
 PSYoungGen      total 88576K, used 49663K [0x00000000f5580000, 0x00000000fd400000, 0x0000000100000000)
  eden space 49664K, 99% used [0x00000000f5580000,0x00000000f85ffea8,0x00000000f8600000)
  from space 38912K, 0% used [0x00000000f8600000,0x00000000f8600000,0x00000000fac00000)
  to   space 35840K, 0% used [0x00000000fb100000,0x00000000fb100000,0x00000000fd400000)
 ParOldGen       total 349696K, used 349695K [0x00000000e0000000, 0x00000000f5580000, 0x00000000f5580000)
  object space 349696K, 99% used [0x00000000e0000000,0x00000000f557fca0,0x00000000f5580000)
 Metaspace       used 56199K, committed 57344K, reserved 1105920K
  class space    used 5454K, committed 5888K, reserved 1048576K
}
Event: 103.145 GC heap after
{Heap after GC invocations=215 (full 148):
 PSYoungGen      total 85504K, used 49663K [0x00000000f5580000, 0x00000000fd400000, 0x0000000100000000)
  eden space 49664K, 99% used [0x00000000f5580000,0x00000000f85ffdf8,0x00000000f8600000)
  from space 35840K, 0% used [0x00000000fb100000,0x00000000fb100000,0x00000000fd400000)
  to   space 38912K, 0% used [0x00000000f8600000,0x00000000f8600000,0x00000000fac00000)
 ParOldGen       total 349696K, used 349695K [0x00000000e0000000, 0x00000000f5580000, 0x00000000f5580000)
  object space 349696K, 99% used [0x00000000e0000000,0x00000000f557fca0,0x00000000f5580000)
 Metaspace       used 56199K, committed 57344K, reserved 1105920K
  class space    used 5454K, committed 5888K, reserved 1048576K
}
Event: 103.146 GC heap before
{Heap before GC invocations=216 (full 149):
 PSYoungGen      total 85504K, used 49663K [0x00000000f5580000, 0x00000000fd400000, 0x0000000100000000)
  eden space 49664K, 99% used [0x00000000f5580000,0x00000000f85ffdf8,0x00000000f8600000)
  from space 35840K, 0% used [0x00000000fb100000,0x00000000fb100000,0x00000000fd400000)
  to   space 38912K, 0% used [0x00000000f8600000,0x00000000f8600000,0x00000000fac00000)
 ParOldGen       total 349696K, used 349695K [0x00000000e0000000, 0x00000000f5580000, 0x00000000f5580000)
  object space 349696K, 99% used [0x00000000e0000000,0x00000000f557fca0,0x00000000f5580000)
 Metaspace       used 56199K, committed 57344K, reserved 1105920K
  class space    used 5454K, committed 5888K, reserved 1048576K
}
Event: 103.587 GC heap after
{Heap after GC invocations=216 (full 149):
 PSYoungGen      total 88576K, used 49663K [0x00000000f5580000, 0x00000000fd400000, 0x0000000100000000)
  eden space 49664K, 99% used [0x00000000f5580000,0x00000000f85ffdf8,0x00000000f8600000)
  from space 38912K, 0% used [0x00000000f8600000,0x00000000f8600000,0x00000000fac00000)
  to   space 35840K, 0% used [0x00000000fb100000,0x00000000fb100000,0x00000000fd400000)
 ParOldGen       total 349696K, used 349695K [0x00000000e0000000, 0x00000000f5580000, 0x00000000f5580000)
  object space 349696K, 99% used [0x00000000e0000000,0x00000000f557fca0,0x00000000f5580000)
 Metaspace       used 56199K, committed 57344K, reserved 1105920K
  class space    used 5454K, committed 5888K, reserved 1048576K
}

