# JRE version: OpenJDK Runtime Environment GraalVM CE 22.3.0 (17.0.5+8) (build 17.0.5+8-jvmci-22.3-b08)
# Java VM: OpenJDK 64-Bit Server VM GraalVM CE 22.3.0 (17.0.5+8-jvmci-22.3-b08, mixed mode, sharing, tiered, jvmci, jvmci compiler, compressed oops, compressed class ptrs, parallel gc, linux-amd64)
GC Precious Log:
 CPUs: 8 total, 2 available
 Memory: 3215M
 Large Page Support: Disabled
 NUMA Support: Disabled
 Compressed Oops: Enabled (32-bit)
 Alignments: Space 512K, Generation 512K, Heap 2M
 Heap Min Capacity: 100M
 Heap Initial Capacity: 100M
 Heap Max Capacity: 512M
 Pre-touch: Disabled
 Parallel Workers: 2
Heap:
 PSYoungGen      total 88576K, used 53248K [0x00000000f5580000, 0x00000000fd180000, 0x0000000100000000)
  eden space 53248K, 100% used [0x00000000f5580000,0x00000000f8980000,0x00000000f8980000)
  from space 35328K, 0% used [0x00000000f8980000,0x00000000f8980000,0x00000000fac00000)
  to   space 34816K, 0% used [0x00000000fac80000,0x00000000fac80000,0x00000000fce80000)
 ParOldGen       total 349696K, used 349695K [0x00000000e0000000, 0x00000000f5580000, 0x00000000f5580000)
  object space 349696K, 99% used [0x00000000e0000000,0x00000000f557ffd0,0x00000000f5580000)
 Metaspace       used 54783K, committed 55616K, reserved 1105920K
  class space    used 5104K, committed 5504K, reserved 1048576K
GC Heap History (20 events):
Event: 730.810 GC heap before
{Heap before GC invocations=1294 (full 1204):
 PSYoungGen      total 88576K, used 53247K [0x00000000f5580000, 0x00000000fd180000, 0x0000000100000000)
  eden space 53248K, 99% used [0x00000000f5580000,0x00000000f897fef0,0x00000000f8980000)
  from space 35328K, 0% used [0x00000000f8980000,0x00000000f8980000,0x00000000fac00000)
  to   space 34816K, 0% used [0x00000000fac80000,0x00000000fac80000,0x00000000fce80000)
 ParOldGen       total 349696K, used 349695K [0x00000000e0000000, 0x00000000f5580000, 0x00000000f5580000)
  object space 349696K, 99% used [0x00000000e0000000,0x00000000f557fe88,0x00000000f5580000)
 Metaspace       used 54782K, committed 55616K, reserved 1105920K
  class space    used 5104K, committed 5504K, reserved 1048576K
}
Event: 731.307 GC heap after
{Heap after GC invocations=1294 (full 1204):
 PSYoungGen      total 88064K, used 53245K [0x00000000f5580000, 0x00000000fd180000, 0x0000000100000000)
  eden space 53248K, 99% used [0x00000000f5580000,0x00000000f897f6b0,0x00000000f8980000)
  from space 34816K, 0% used [0x00000000fac80000,0x00000000fac80000,0x00000000fce80000)
  to   space 35328K, 0% used [0x00000000f8980000,0x00000000f8980000,0x00000000fac00000)
 ParOldGen       total 349696K, used 349695K [0x00000000e0000000, 0x00000000f5580000, 0x00000000f5580000)
  object space 349696K, 99% used [0x00000000e0000000,0x00000000f557fd20,0x00000000f5580000)
 Metaspace       used 54782K, committed 55616K, reserved 1105920K
  class space    used 5104K, committed 5504K, reserved 1048576K
}
Event: 731.307 GC heap before
{Heap before GC invocations=1295 (full 1205):
 PSYoungGen      total 88064K, used 53245K [0x00000000f5580000, 0x00000000fd180000, 0x0000000100000000)
  eden space 53248K, 99% used [0x00000000f5580000,0x00000000f897f6b0,0x00000000f8980000)
  from space 34816K, 0% used [0x00000000fac80000,0x00000000fac80000,0x00000000fce80000)
  to   space 35328K, 0% used [0x00000000f8980000,0x00000000f8980000,0x00000000fac00000)
 ParOldGen       total 349696K, used 349695K [0x00000000e0000000, 0x00000000f5580000, 0x00000000f5580000)
  object space 349696K, 99% used [0x00000000e0000000,0x00000000f557fd20,0x00000000f5580000)
 Metaspace       used 54782K, committed 55616K, reserved 1105920K
  class space    used 5104K, committed 5504K, reserved 1048576K
}
Event: 731.731 GC heap after
{Heap after GC invocations=1295 (full 1205):
 PSYoungGen      total 88576K, used 53245K [0x00000000f5580000, 0x00000000fd180000, 0x0000000100000000)
  eden space 53248K, 99% used [0x00000000f5580000,0x00000000f897f5d0,0x00000000f8980000)
  from space 35328K, 0% used [0x00000000f8980000,0x00000000f8980000,0x00000000fac00000)
  to   space 34816K, 0% used [0x00000000fac80000,0x00000000fac80000,0x00000000fce80000)
 ParOldGen       total 349696K, used 349695K [0x00000000e0000000, 0x00000000f5580000, 0x00000000f5580000)
  object space 349696K, 99% used [0x00000000e0000000,0x00000000f557fd20,0x00000000f5580000)
 Metaspace       used 54782K, committed 55616K, reserved 1105920K
  class space    used 5104K, committed 5504K, reserved 1048576K
}
Event: 731.732 GC heap before
{Heap before GC invocations=1296 (full 1206):
 PSYoungGen      total 88576K, used 53248K [0x00000000f5580000, 0x00000000fd180000, 0x0000000100000000)
  eden space 53248K, 100% used [0x00000000f5580000,0x00000000f8980000,0x00000000f8980000)
  from space 35328K, 0% used [0x00000000f8980000,0x00000000f8980000,0x00000000fac00000)
  to   space 34816K, 0% used [0x00000000fac80000,0x00000000fac80000,0x00000000fce80000)
 ParOldGen       total 349696K, used 349695K [0x00000000e0000000, 0x00000000f5580000, 0x00000000f5580000)
  object space 349696K, 99% used [0x00000000e0000000,0x00000000f557fd20,0x00000000f5580000)
 Metaspace       used 54782K, committed 55616K, reserved 1105920K
  class space    used 5104K, committed 5504K, reserved 1048576K
}
Event: 732.141 GC heap after
{Heap after GC invocations=1296 (full 1206):
 PSYoungGen      total 88064K, used 53246K [0x00000000f5580000, 0x00000000fd180000, 0x0000000100000000)
  eden space 53248K, 99% used [0x00000000f5580000,0x00000000f897fa08,0x00000000f8980000)
  from space 34816K, 0% used [0x00000000fac80000,0x00000000fac80000,0x00000000fce80000)
  to   space 35328K, 0% used [0x00000000f8980000,0x00000000f8980000,0x00000000fac00000)
 ParOldGen       total 349696K, used 349695K [0x00000000e0000000, 0x00000000f5580000, 0x00000000f5580000)
  object space 349696K, 99% used [0x00000000e0000000,0x00000000f557fcc0,0x00000000f5580000)
 Metaspace       used 54782K, committed 55616K, reserved 1105920K
  class space    used 5104K, committed 5504K, reserved 1048576K
}
Event: 732.142 GC heap before
{Heap before GC invocations=1297 (full 1207):
 PSYoungGen      total 88064K, used 53247K [0x00000000f5580000, 0x00000000fd180000, 0x0000000100000000)
  eden space 53248K, 99% used [0x00000000f5580000,0x00000000f897fff0,0x00000000f8980000)
  from space 34816K, 0% used [0x00000000fac80000,0x00000000fac80000,0x00000000fce80000)
  to   space 35328K, 0% used [0x00000000f8980000,0x00000000f8980000,0x00000000fac00000)
 ParOldGen       total 349696K, used 349695K [0x00000000e0000000, 0x00000000f5580000, 0x00000000f5580000)
  object space 349696K, 99% used [0x00000000e0000000,0x00000000f557fcc0,0x00000000f5580000)
 Metaspace       used 54782K, committed 55616K, reserved 1105920K
  class space    used 5104K, committed 5504K, reserved 1048576K
}
Event: 732.630 GC heap after
{Heap after GC invocations=1297 (full 1207):
 PSYoungGen      total 88576K, used 53247K [0x00000000f5580000, 0x00000000fd180000, 0x0000000100000000)
  eden space 53248K, 99% used [0x00000000f5580000,0x00000000f897fef0,0x00000000f8980000)
  from space 35328K, 0% used [0x00000000f8980000,0x00000000f8980000,0x00000000fac00000)
  to   space 34816K, 0% used [0x00000000fac80000,0x00000000fac80000,0x00000000fce80000)
 ParOldGen       total 349696K, used 349694K [0x00000000e0000000, 0x00000000f5580000, 0x00000000f5580000)
  object space 349696K, 99% used [0x00000000e0000000,0x00000000f557f8b0,0x00000000f5580000)
 Metaspace       used 54782K, committed 55616K, reserved 1105920K
  class space    used 5104K, committed 5504K, reserved 1048576K
}
Event: 732.631 GC heap before
{Heap before GC invocations=1298 (full 1208):
 PSYoungGen      total 88576K, used 53248K [0x00000000f5580000, 0x00000000fd180000, 0x0000000100000000)
  eden space 53248K, 100% used [0x00000000f5580000,0x00000000f8980000,0x00000000f8980000)
  from space 35328K, 0% used [0x00000000f8980000,0x00000000f8980000,0x00000000fac00000)
  to   space 34816K, 0% used [0x00000000fac80000,0x00000000fac80000,0x00000000fce80000)
 ParOldGen       total 349696K, used 349694K [0x00000000e0000000, 0x00000000f5580000, 0x00000000f5580000)
  object space 349696K, 99% used [0x00000000e0000000,0x00000000f557f8b0,0x00000000f5580000)
 Metaspace       used 54782K, committed 55616K, reserved 1105920K
  class space    used 5104K, committed 5504K, reserved 1048576K
}
Event: 733.221 GC heap after
{Heap after GC invocations=1298 (full 1208):
 PSYoungGen      total 88064K, used 53247K [0x00000000f5580000, 0x00000000fd180000, 0x0000000100000000)
  eden space 53248K, 99% used [0x00000000f5580000,0x00000000f897ff98,0x00000000f8980000)
  from space 34816K, 0% used [0x00000000fac80000,0x00000000fac80000,0x00000000fce80000)
  to   space 35328K, 0% used [0x00000000f8980000,0x00000000f8980000,0x00000000fac00000)
 ParOldGen       total 349696K, used 349694K [0x00000000e0000000, 0x00000000f5580000, 0x00000000f5580000)
  object space 349696K, 99% used [0x00000000e0000000,0x00000000f557f8b0,0x00000000f5580000)
 Metaspace       used 54782K, committed 55616K, reserved 1105920K
  class space    used 5104K, committed 5504K, reserved 1048576K
}
Event: 733.222 GC heap before
{Heap before GC invocations=1299 (full 1209):
 PSYoungGen      total 88064K, used 53248K [0x00000000f5580000, 0x00000000fd180000, 0x0000000100000000)
  eden space 53248K, 100% used [0x00000000f5580000,0x00000000f8980000,0x00000000f8980000)
  from space 34816K, 0% used [0x00000000fac80000,0x00000000fac80000,0x00000000fce80000)
  to   space 35328K, 0% used [0x00000000f8980000,0x00000000f8980000,0x00000000fac00000)
 ParOldGen       total 349696K, used 349694K [0x00000000e0000000, 0x00000000f5580000, 0x00000000f5580000)
  object space 349696K, 99% used [0x00000000e0000000,0x00000000f557f8b0,0x00000000f5580000)
 Metaspace       used 54782K, committed 55616K, reserved 1105920K
  class space    used 5104K, committed 5504K, reserved 1048576K
}
Event: 733.726 GC heap after
{Heap after GC invocations=1299 (full 1209):
 PSYoungGen      total 88576K, used 53248K [0x00000000f5580000, 0x00000000fd180000, 0x0000000100000000)
  eden space 53248K, 100% used [0x00000000f5580000,0x00000000f8980000,0x00000000f8980000)
  from space 35328K, 0% used [0x00000000f8980000,0x00000000f8980000,0x00000000fac00000)
  to   space 34816K, 0% used [0x00000000fac80000,0x00000000fac80000,0x00000000fce80000)
 ParOldGen       total 349696K, used 349694K [0x00000000e0000000, 0x00000000f5580000, 0x00000000f5580000)
  object space 349696K, 99% used [0x00000000e0000000,0x00000000f557f8b0,0x00000000f5580000)
 Metaspace       used 54782K, committed 55616K, reserved 1105920K
  class space    used 5104K, committed 5504K, reserved 1048576K
}
Event: 733.727 GC heap before
{Heap before GC invocations=1300 (full 1210):
 PSYoungGen      total 88576K, used 53248K [0x00000000f5580000, 0x00000000fd180000, 0x0000000100000000)
  eden space 53248K, 100% used [0x00000000f5580000,0x00000000f8980000,0x00000000f8980000)
  from space 35328K, 0% used [0x00000000f8980000,0x00000000f8980000,0x00000000fac00000)
  to   space 34816K, 0% used [0x00000000fac80000,0x00000000fac80000,0x00000000fce80000)
 ParOldGen       total 349696K, used 349695K [0x00000000e0000000, 0x00000000f5580000, 0x00000000f5580000)
  object space 349696K, 99% used [0x00000000e0000000,0x00000000f557ffb8,0x00000000f5580000)
 Metaspace       used 54783K, committed 55616K, reserved 1105920K
  class space    used 5104K, committed 5504K, reserved 1048576K
}
Event: 734.196 GC heap after
{Heap after GC invocations=1300 (full 1210):
 PSYoungGen      total 88064K, used 53247K [0x00000000f5580000, 0x00000000fd180000, 0x0000000100000000)
  eden space 53248K, 99% used [0x00000000f5580000,0x00000000f897fd28,0x00000000f8980000)
  from space 34816K, 0% used [0x00000000fac80000,0x00000000fac80000,0x00000000fce80000)
  to   space 35328K, 0% used [0x00000000f8980000,0x00000000f8980000,0x00000000fac00000)
 ParOldGen       total 349696K, used 349694K [0x00000000e0000000, 0x00000000f5580000, 0x00000000f5580000)
  object space 349696K, 99% used [0x00000000e0000000,0x00000000f557fb90,0x00000000f5580000)
 Metaspace       used 54783K, committed 55616K, reserved 1105920K
  class space    used 5104K, committed 5504K, reserved 1048576K
}
Event: 734.196 GC heap before
{Heap before GC invocations=1301 (full 1211):
 PSYoungGen      total 88064K, used 53248K [0x00000000f5580000, 0x00000000fd180000, 0x0000000100000000)
  eden space 53248K, 100% used [0x00000000f5580000,0x00000000f8980000,0x00000000f8980000)
  from space 34816K, 0% used [0x00000000fac80000,0x00000000fac80000,0x00000000fce80000)
  to   space 35328K, 0% used [0x00000000f8980000,0x00000000f8980000,0x00000000fac00000)
 ParOldGen       total 349696K, used 349694K [0x00000000e0000000, 0x00000000f5580000, 0x00000000f5580000)
  object space 349696K, 99% used [0x00000000e0000000,0x00000000f557fb90,0x00000000f5580000)
 Metaspace       used 54783K, committed 55616K, reserved 1105920K
  class space    used 5104K, committed 5504K, reserved 1048576K
}
Event: 734.735 GC heap after
{Heap after GC invocations=1301 (full 1211):
 PSYoungGen      total 88576K, used 53248K [0x00000000f5580000, 0x00000000fd180000, 0x0000000100000000)
  eden space 53248K, 100% used [0x00000000f5580000,0x00000000f8980000,0x00000000f8980000)
  from space 35328K, 0% used [0x00000000f8980000,0x00000000f8980000,0x00000000fac00000)
  to   space 34816K, 0% used [0x00000000fac80000,0x00000000fac80000,0x00000000fce80000)
 ParOldGen       total 349696K, used 349694K [0x00000000e0000000, 0x00000000f5580000, 0x00000000f5580000)
  object space 349696K, 99% used [0x00000000e0000000,0x00000000f557fb90,0x00000000f5580000)
 Metaspace       used 54783K, committed 55616K, reserved 1105920K
  class space    used 5104K, committed 5504K, reserved 1048576K
}
Event: 734.736 GC heap before
{Heap before GC invocations=1302 (full 1212):
 PSYoungGen      total 88576K, used 53248K [0x00000000f5580000, 0x00000000fd180000, 0x0000000100000000)
  eden space 53248K, 100% used [0x00000000f5580000,0x00000000f8980000,0x00000000f8980000)
  from space 35328K, 0% used [0x00000000f8980000,0x00000000f8980000,0x00000000fac00000)
  to   space 34816K, 0% used [0x00000000fac80000,0x00000000fac80000,0x00000000fce80000)
 ParOldGen       total 349696K, used 349695K [0x00000000e0000000, 0x00000000f5580000, 0x00000000f5580000)
  object space 349696K, 99% used [0x00000000e0000000,0x00000000f557fd48,0x00000000f5580000)
 Metaspace       used 54783K, committed 55616K, reserved 1105920K
  class space    used 5104K, committed 5504K, reserved 1048576K
}
Event: 735.244 GC heap after
{Heap after GC invocations=1302 (full 1212):
 PSYoungGen      total 88064K, used 53248K [0x00000000f5580000, 0x00000000fd180000, 0x0000000100000000)
  eden space 53248K, 100% used [0x00000000f5580000,0x00000000f8980000,0x00000000f8980000)
  from space 34816K, 0% used [0x00000000fac80000,0x00000000fac80000,0x00000000fce80000)
  to   space 35328K, 0% used [0x00000000f8980000,0x00000000f8980000,0x00000000fac00000)
 ParOldGen       total 349696K, used 349694K [0x00000000e0000000, 0x00000000f5580000, 0x00000000f5580000)
  object space 349696K, 99% used [0x00000000e0000000,0x00000000f557fbc8,0x00000000f5580000)
 Metaspace       used 54783K, committed 55616K, reserved 1105920K
  class space    used 5104K, committed 5504K, reserved 1048576K
}
Event: 735.244 GC heap before
{Heap before GC invocations=1303 (full 1213):
 PSYoungGen      total 88064K, used 53248K [0x00000000f5580000, 0x00000000fd180000, 0x0000000100000000)
  eden space 53248K, 100% used [0x00000000f5580000,0x00000000f8980000,0x00000000f8980000)
  from space 34816K, 0% used [0x00000000fac80000,0x00000000fac80000,0x00000000fce80000)
  to   space 35328K, 0% used [0x00000000f8980000,0x00000000f8980000,0x00000000fac00000)
 ParOldGen       total 349696K, used 349694K [0x00000000e0000000, 0x00000000f5580000, 0x00000000f5580000)
  object space 349696K, 99% used [0x00000000e0000000,0x00000000f557fbc8,0x00000000f5580000)
 Metaspace       used 54783K, committed 55616K, reserved 1105920K
  class space    used 5104K, committed 5504K, reserved 1048576K
}
Event: 735.726 GC heap after
{Heap after GC invocations=1303 (full 1213):
 PSYoungGen      total 88576K, used 53248K [0x00000000f5580000, 0x00000000fd180000, 0x0000000100000000)
  eden space 53248K, 100% used [0x00000000f5580000,0x00000000f8980000,0x00000000f8980000)
  from space 35328K, 0% used [0x00000000f8980000,0x00000000f8980000,0x00000000fac00000)
  to   space 34816K, 0% used [0x00000000fac80000,0x00000000fac80000,0x00000000fce80000)
 ParOldGen       total 349696K, used 349694K [0x00000000e0000000, 0x00000000f5580000, 0x00000000f5580000)
  object space 349696K, 99% used [0x00000000e0000000,0x00000000f557fae8,0x00000000f5580000)
 Metaspace       used 54783K, committed 55616K, reserved 1105920K
  class space    used 5104K, committed 5504K, reserved 1048576K
}

