# JRE version: OpenJDK Runtime Environment GraalVM CE 22.3.0 (17.0.5+8) (build 17.0.5+8-jvmci-22.3-b08)
# Java VM: OpenJDK 64-Bit Server VM GraalVM CE 22.3.0 (17.0.5+8-jvmci-22.3-b08, mixed mode, sharing, tiered, jvmci, jvmci compiler, compressed oops, compressed class ptrs, parallel gc, linux-amd64)
GC Precious Log:
 CPUs: 8 total, 2 available
 Memory: 3215M
 Large Page Support: Disabled
 NUMA Support: Disabled
 Compressed Oops: Enabled (32-bit)
 Alignments: Space 512K, Generation 512K, Heap 2M
 Heap Min Capacity: 100M
 Heap Initial Capacity: 100M
 Heap Max Capacity: 512M
 Pre-touch: Disabled
 Parallel Workers: 2
Heap:
 PSYoungGen      total 55296K, used 40959K [0x00000000f5580000, 0x00000000f9d80000, 0x0000000100000000)
  eden space 40960K, 99% used [0x00000000f5580000,0x00000000f7d7fff0,0x00000000f7d80000)
  from space 14336K, 0% used [0x00000000f8f00000,0x00000000f8f00000,0x00000000f9d00000)
  to   space 15360K, 0% used [0x00000000f7f00000,0x00000000f7f00000,0x00000000f8e00000)
 ParOldGen       total 349696K, used 349695K [0x00000000e0000000, 0x00000000f5580000, 0x00000000f5580000)
  object space 349696K, 99% used [0x00000000e0000000,0x00000000f557fff0,0x00000000f5580000)
 Metaspace       used 55614K, committed 56640K, reserved 1105920K
  class space    used 5473K, committed 5952K, reserved 1048576K
GC Heap History (20 events):
Event: 545.953 GC heap before
{Heap before GC invocations=1488 (full 1411):
 PSYoungGen      total 55296K, used 40959K [0x00000000f5580000, 0x00000000f9d80000, 0x0000000100000000)
  eden space 40960K, 99% used [0x00000000f5580000,0x00000000f7d7fff0,0x00000000f7d80000)
  from space 14336K, 0% used [0x00000000f8f00000,0x00000000f8f00000,0x00000000f9d00000)
  to   space 15360K, 0% used [0x00000000f7f00000,0x00000000f7f00000,0x00000000f8e00000)
 ParOldGen       total 349696K, used 349692K [0x00000000e0000000, 0x00000000f5580000, 0x00000000f5580000)
  object space 349696K, 99% used [0x00000000e0000000,0x00000000f557f110,0x00000000f5580000)
 Metaspace       used 55614K, committed 56640K, reserved 1105920K
  class space    used 5473K, committed 5952K, reserved 1048576K
}
Event: 546.271 GC heap after
{Heap after GC invocations=1488 (full 1411):
 PSYoungGen      total 56320K, used 40959K [0x00000000f5580000, 0x00000000f9d80000, 0x0000000100000000)
  eden space 40960K, 99% used [0x00000000f5580000,0x00000000f7d7fff0,0x00000000f7d80000)
  from space 15360K, 0% used [0x00000000f7f00000,0x00000000f7f00000,0x00000000f8e00000)
  to   space 14336K, 0% used [0x00000000f8f00000,0x00000000f8f00000,0x00000000f9d00000)
 ParOldGen       total 349696K, used 349692K [0x00000000e0000000, 0x00000000f5580000, 0x00000000f5580000)
  object space 349696K, 99% used [0x00000000e0000000,0x00000000f557f0e0,0x00000000f5580000)
 Metaspace       used 55614K, committed 56640K, reserved 1105920K
  class space    used 5473K, committed 5952K, reserved 1048576K
}
Event: 546.272 GC heap before
{Heap before GC invocations=1489 (full 1412):
 PSYoungGen      total 56320K, used 40960K [0x00000000f5580000, 0x00000000f9d80000, 0x0000000100000000)
  eden space 40960K, 100% used [0x00000000f5580000,0x00000000f7d80000,0x00000000f7d80000)
  from space 15360K, 0% used [0x00000000f7f00000,0x00000000f7f00000,0x00000000f8e00000)
  to   space 14336K, 0% used [0x00000000f8f00000,0x00000000f8f00000,0x00000000f9d00000)
 ParOldGen       total 349696K, used 349694K [0x00000000e0000000, 0x00000000f5580000, 0x00000000f5580000)
  object space 349696K, 99% used [0x00000000e0000000,0x00000000f557f928,0x00000000f5580000)
 Metaspace       used 55614K, committed 56640K, reserved 1105920K
  class space    used 5473K, committed 5952K, reserved 1048576K
}
Event: 546.625 GC heap after
{Heap after GC invocations=1489 (full 1412):
 PSYoungGen      total 55296K, used 40959K [0x00000000f5580000, 0x00000000f9d80000, 0x0000000100000000)
  eden space 40960K, 99% used [0x00000000f5580000,0x00000000f7d7fee0,0x00000000f7d80000)
  from space 14336K, 0% used [0x00000000f8f00000,0x00000000f8f00000,0x00000000f9d00000)
  to   space 15360K, 0% used [0x00000000f7f00000,0x00000000f7f00000,0x00000000f8e00000)
 ParOldGen       total 349696K, used 349693K [0x00000000e0000000, 0x00000000f5580000, 0x00000000f5580000)
  object space 349696K, 99% used [0x00000000e0000000,0x00000000f557f7d8,0x00000000f5580000)
 Metaspace       used 55614K, committed 56640K, reserved 1105920K
  class space    used 5473K, committed 5952K, reserved 1048576K
}
Event: 546.625 GC heap before
{Heap before GC invocations=1490 (full 1413):
 PSYoungGen      total 55296K, used 40960K [0x00000000f5580000, 0x00000000f9d80000, 0x0000000100000000)
  eden space 40960K, 100% used [0x00000000f5580000,0x00000000f7d80000,0x00000000f7d80000)
  from space 14336K, 0% used [0x00000000f8f00000,0x00000000f8f00000,0x00000000f9d00000)
  to   space 15360K, 0% used [0x00000000f7f00000,0x00000000f7f00000,0x00000000f8e00000)
 ParOldGen       total 349696K, used 349693K [0x00000000e0000000, 0x00000000f5580000, 0x00000000f5580000)
  object space 349696K, 99% used [0x00000000e0000000,0x00000000f557f7d8,0x00000000f5580000)
 Metaspace       used 55614K, committed 56640K, reserved 1105920K
  class space    used 5473K, committed 5952K, reserved 1048576K
}
Event: 546.996 GC heap after
{Heap after GC invocations=1490 (full 1413):
 PSYoungGen      total 56320K, used 40960K [0x00000000f5580000, 0x00000000f9d80000, 0x0000000100000000)
  eden space 40960K, 100% used [0x00000000f5580000,0x00000000f7d80000,0x00000000f7d80000)
  from space 15360K, 0% used [0x00000000f7f00000,0x00000000f7f00000,0x00000000f8e00000)
  to   space 14336K, 0% used [0x00000000f8f00000,0x00000000f8f00000,0x00000000f9d00000)
 ParOldGen       total 349696K, used 349693K [0x00000000e0000000, 0x00000000f5580000, 0x00000000f5580000)
  object space 349696K, 99% used [0x00000000e0000000,0x00000000f557f7d8,0x00000000f5580000)
 Metaspace       used 55614K, committed 56640K, reserved 1105920K
  class space    used 5473K, committed 5952K, reserved 1048576K
}
Event: 546.996 GC heap before
{Heap before GC invocations=1491 (full 1414):
 PSYoungGen      total 56320K, used 40960K [0x00000000f5580000, 0x00000000f9d80000, 0x0000000100000000)
  eden space 40960K, 100% used [0x00000000f5580000,0x00000000f7d80000,0x00000000f7d80000)
  from space 15360K, 0% used [0x00000000f7f00000,0x00000000f7f00000,0x00000000f8e00000)
  to   space 14336K, 0% used [0x00000000f8f00000,0x00000000f8f00000,0x00000000f9d00000)
 ParOldGen       total 349696K, used 349695K [0x00000000e0000000, 0x00000000f5580000, 0x00000000f5580000)
  object space 349696K, 99% used [0x00000000e0000000,0x00000000f557ff60,0x00000000f5580000)
 Metaspace       used 55614K, committed 56640K, reserved 1105920K
  class space    used 5473K, committed 5952K, reserved 1048576K
}
Event: 547.302 GC heap after
{Heap after GC invocations=1491 (full 1414):
 PSYoungGen      total 55296K, used 40960K [0x00000000f5580000, 0x00000000f9d80000, 0x0000000100000000)
  eden space 40960K, 100% used [0x00000000f5580000,0x00000000f7d80000,0x00000000f7d80000)
  from space 14336K, 0% used [0x00000000f8f00000,0x00000000f8f00000,0x00000000f9d00000)
  to   space 15360K, 0% used [0x00000000f7f00000,0x00000000f7f00000,0x00000000f8e00000)
 ParOldGen       total 349696K, used 349695K [0x00000000e0000000, 0x00000000f5580000, 0x00000000f5580000)
  object space 349696K, 99% used [0x00000000e0000000,0x00000000f557ff60,0x00000000f5580000)
 Metaspace       used 55614K, committed 56640K, reserved 1105920K
  class space    used 5473K, committed 5952K, reserved 1048576K
}
Event: 547.303 GC heap before
{Heap before GC invocations=1492 (full 1415):
 PSYoungGen      total 55296K, used 40960K [0x00000000f5580000, 0x00000000f9d80000, 0x0000000100000000)
  eden space 40960K, 100% used [0x00000000f5580000,0x00000000f7d80000,0x00000000f7d80000)
  from space 14336K, 0% used [0x00000000f8f00000,0x00000000f8f00000,0x00000000f9d00000)
  to   space 15360K, 0% used [0x00000000f7f00000,0x00000000f7f00000,0x00000000f8e00000)
 ParOldGen       total 349696K, used 349695K [0x00000000e0000000, 0x00000000f5580000, 0x00000000f5580000)
  object space 349696K, 99% used [0x00000000e0000000,0x00000000f557fff0,0x00000000f5580000)
 Metaspace       used 55614K, committed 56640K, reserved 1105920K
  class space    used 5473K, committed 5952K, reserved 1048576K
}
Event: 547.821 GC heap after
{Heap after GC invocations=1492 (full 1415):
 PSYoungGen      total 56320K, used 40960K [0x00000000f5580000, 0x00000000f9d80000, 0x0000000100000000)
  eden space 40960K, 100% used [0x00000000f5580000,0x00000000f7d80000,0x00000000f7d80000)
  from space 15360K, 0% used [0x00000000f7f00000,0x00000000f7f00000,0x00000000f8e00000)
  to   space 14336K, 0% used [0x00000000f8f00000,0x00000000f8f00000,0x00000000f9d00000)
 ParOldGen       total 349696K, used 349695K [0x00000000e0000000, 0x00000000f5580000, 0x00000000f5580000)
  object space 349696K, 99% used [0x00000000e0000000,0x00000000f557ffa0,0x00000000f5580000)
 Metaspace       used 55614K, committed 56640K, reserved 1105920K
  class space    used 5473K, committed 5952K, reserved 1048576K
}
Event: 547.821 GC heap before
{Heap before GC invocations=1493 (full 1416):
 PSYoungGen      total 56320K, used 40960K [0x00000000f5580000, 0x00000000f9d80000, 0x0000000100000000)
  eden space 40960K, 100% used [0x00000000f5580000,0x00000000f7d80000,0x00000000f7d80000)
  from space 15360K, 0% used [0x00000000f7f00000,0x00000000f7f00000,0x00000000f8e00000)
  to   space 14336K, 0% used [0x00000000f8f00000,0x00000000f8f00000,0x00000000f9d00000)
 ParOldGen       total 349696K, used 349695K [0x00000000e0000000, 0x00000000f5580000, 0x00000000f5580000)
  object space 349696K, 99% used [0x00000000e0000000,0x00000000f557fff8,0x00000000f5580000)
 Metaspace       used 55614K, committed 56640K, reserved 1105920K
  class space    used 5473K, committed 5952K, reserved 1048576K
}
Event: 548.427 GC heap after
{Heap after GC invocations=1493 (full 1416):
 PSYoungGen      total 55296K, used 40960K [0x00000000f5580000, 0x00000000f9d80000, 0x0000000100000000)
  eden space 40960K, 100% used [0x00000000f5580000,0x00000000f7d80000,0x00000000f7d80000)
  from space 14336K, 0% used [0x00000000f8f00000,0x00000000f8f00000,0x00000000f9d00000)
  to   space 15360K, 0% used [0x00000000f7f00000,0x00000000f7f00000,0x00000000f8e00000)
 ParOldGen       total 349696K, used 349695K [0x00000000e0000000, 0x00000000f5580000, 0x00000000f5580000)
  object space 349696K, 99% used [0x00000000e0000000,0x00000000f557fff8,0x00000000f5580000)
 Metaspace       used 55614K, committed 56640K, reserved 1105920K
  class space    used 5473K, committed 5952K, reserved 1048576K
}
Event: 548.427 GC heap before
{Heap before GC invocations=1494 (full 1417):
 PSYoungGen      total 55296K, used 40960K [0x00000000f5580000, 0x00000000f9d80000, 0x0000000100000000)
  eden space 40960K, 100% used [0x00000000f5580000,0x00000000f7d80000,0x00000000f7d80000)
  from space 14336K, 0% used [0x00000000f8f00000,0x00000000f8f00000,0x00000000f9d00000)
  to   space 15360K, 0% used [0x00000000f7f00000,0x00000000f7f00000,0x00000000f8e00000)
 ParOldGen       total 349696K, used 349695K [0x00000000e0000000, 0x00000000f5580000, 0x00000000f5580000)
  object space 349696K, 99% used [0x00000000e0000000,0x00000000f557fff8,0x00000000f5580000)
 Metaspace       used 55614K, committed 56640K, reserved 1105920K
  class space    used 5473K, committed 5952K, reserved 1048576K
}
Event: 549.136 GC heap after
{Heap after GC invocations=1494 (full 1417):
 PSYoungGen      total 56320K, used 40959K [0x00000000f5580000, 0x00000000f9d80000, 0x0000000100000000)
  eden space 40960K, 99% used [0x00000000f5580000,0x00000000f7d7ff20,0x00000000f7d80000)
  from space 15360K, 0% used [0x00000000f7f00000,0x00000000f7f00000,0x00000000f8e00000)
  to   space 14336K, 0% used [0x00000000f8f00000,0x00000000f8f00000,0x00000000f9d00000)
 ParOldGen       total 349696K, used 349695K [0x00000000e0000000, 0x00000000f5580000, 0x00000000f5580000)
  object space 349696K, 99% used [0x00000000e0000000,0x00000000f557ff18,0x00000000f5580000)
 Metaspace       used 55614K, committed 56640K, reserved 1105920K
  class space    used 5473K, committed 5952K, reserved 1048576K
}
Event: 549.137 GC heap before
{Heap before GC invocations=1495 (full 1418):
 PSYoungGen      total 56320K, used 40959K [0x00000000f5580000, 0x00000000f9d80000, 0x0000000100000000)
  eden space 40960K, 99% used [0x00000000f5580000,0x00000000f7d7fff0,0x00000000f7d80000)
  from space 15360K, 0% used [0x00000000f7f00000,0x00000000f7f00000,0x00000000f8e00000)
  to   space 14336K, 0% used [0x00000000f8f00000,0x00000000f8f00000,0x00000000f9d00000)
 ParOldGen       total 349696K, used 349695K [0x00000000e0000000, 0x00000000f5580000, 0x00000000f5580000)
  object space 349696K, 99% used [0x00000000e0000000,0x00000000f557fff0,0x00000000f5580000)
 Metaspace       used 55614K, committed 56640K, reserved 1105920K
  class space    used 5473K, committed 5952K, reserved 1048576K
}
Event: 549.856 GC heap after
{Heap after GC invocations=1495 (full 1418):
 PSYoungGen      total 55296K, used 40959K [0x00000000f5580000, 0x00000000f9d80000, 0x0000000100000000)
  eden space 40960K, 99% used [0x00000000f5580000,0x00000000f7d7ff80,0x00000000f7d80000)
  from space 14336K, 0% used [0x00000000f8f00000,0x00000000f8f00000,0x00000000f9d00000)
  to   space 15360K, 0% used [0x00000000f7f00000,0x00000000f7f00000,0x00000000f8e00000)
 ParOldGen       total 349696K, used 349695K [0x00000000e0000000, 0x00000000f5580000, 0x00000000f5580000)
  object space 349696K, 99% used [0x00000000e0000000,0x00000000f557ff18,0x00000000f5580000)
 Metaspace       used 55614K, committed 56640K, reserved 1105920K
  class space    used 5473K, committed 5952K, reserved 1048576K
}
Event: 549.856 GC heap before
{Heap before GC invocations=1496 (full 1419):
 PSYoungGen      total 55296K, used 40959K [0x00000000f5580000, 0x00000000f9d80000, 0x0000000100000000)
  eden space 40960K, 99% used [0x00000000f5580000,0x00000000f7d7fff8,0x00000000f7d80000)
  from space 14336K, 0% used [0x00000000f8f00000,0x00000000f8f00000,0x00000000f9d00000)
  to   space 15360K, 0% used [0x00000000f7f00000,0x00000000f7f00000,0x00000000f8e00000)
 ParOldGen       total 349696K, used 349695K [0x00000000e0000000, 0x00000000f5580000, 0x00000000f5580000)
  object space 349696K, 99% used [0x00000000e0000000,0x00000000f557ff18,0x00000000f5580000)
 Metaspace       used 55614K, committed 56640K, reserved 1105920K
  class space    used 5473K, committed 5952K, reserved 1048576K
}
Event: 550.539 GC heap after
{Heap after GC invocations=1496 (full 1419):
 PSYoungGen      total 56320K, used 40959K [0x00000000f5580000, 0x00000000f9d80000, 0x0000000100000000)
  eden space 40960K, 99% used [0x00000000f5580000,0x00000000f7d7ff98,0x00000000f7d80000)
  from space 15360K, 0% used [0x00000000f7f00000,0x00000000f7f00000,0x00000000f8e00000)
  to   space 14336K, 0% used [0x00000000f8f00000,0x00000000f8f00000,0x00000000f9d00000)
 ParOldGen       total 349696K, used 349695K [0x00000000e0000000, 0x00000000f5580000, 0x00000000f5580000)
  object space 349696K, 99% used [0x00000000e0000000,0x00000000f557ff00,0x00000000f5580000)
 Metaspace       used 55614K, committed 56640K, reserved 1105920K
  class space    used 5473K, committed 5952K, reserved 1048576K
}
Event: 550.539 GC heap before
{Heap before GC invocations=1497 (full 1420):
 PSYoungGen      total 56320K, used 40959K [0x00000000f5580000, 0x00000000f9d80000, 0x0000000100000000)
  eden space 40960K, 99% used [0x00000000f5580000,0x00000000f7d7ff98,0x00000000f7d80000)
  from space 15360K, 0% used [0x00000000f7f00000,0x00000000f7f00000,0x00000000f8e00000)
  to   space 14336K, 0% used [0x00000000f8f00000,0x00000000f8f00000,0x00000000f9d00000)
 ParOldGen       total 349696K, used 349695K [0x00000000e0000000, 0x00000000f5580000, 0x00000000f5580000)
  object space 349696K, 99% used [0x00000000e0000000,0x00000000f557ff00,0x00000000f5580000)
 Metaspace       used 55614K, committed 56640K, reserved 1105920K
  class space    used 5473K, committed 5952K, reserved 1048576K
}
Event: 551.143 GC heap after
{Heap after GC invocations=1497 (full 1420):
 PSYoungGen      total 55296K, used 40959K [0x00000000f5580000, 0x00000000f9d80000, 0x0000000100000000)
  eden space 40960K, 99% used [0x00000000f5580000,0x00000000f7d7ff98,0x00000000f7d80000)
  from space 14336K, 0% used [0x00000000f8f00000,0x00000000f8f00000,0x00000000f9d00000)
  to   space 15360K, 0% used [0x00000000f7f00000,0x00000000f7f00000,0x00000000f8e00000)
 ParOldGen       total 349696K, used 349695K [0x00000000e0000000, 0x00000000f5580000, 0x00000000f5580000)
  object space 349696K, 99% used [0x00000000e0000000,0x00000000f557ff00,0x00000000f5580000)
 Metaspace       used 55614K, committed 56640K, reserved 1105920K
  class space    used 5473K, committed 5952K, reserved 1048576K
}

